<?xml version="1.0" encoding="UTF-8"?>
<Site BuildName="(empty)"
	BuildStamp="20240620-0228-Experimental"
	Name="asimkumar-HP-Laptop-14s-fq1xxx"
	Generator="ctest-3.22.1"
	CompilerName="/usr/bin/c++"
	CompilerVersion="11.4.0"
	OSName="Linux"
	Hostname="asimkumar-HP-Laptop-14s-fq1xxx"
	OSRelease="6.5.0-41-generic"
	OSVersion="#41~22.04.2-Ubuntu SMP PREEMPT_DYNAMIC Mon Jun  3 11:32:55 UTC 2"
	OSPlatform="x86_64"
	Is64Bits="1"
	VendorString="AuthenticAMD"
	VendorID="Advanced Micro Devices"
	FamilyID="23"
	ModelID="104"
	ProcessorCacheSize="512"
	NumberOfLogicalCPU="8"
	NumberOfPhysicalCPU="4"
	TotalVirtualMemory="31249"
	TotalPhysicalMemory="15300"
	LogicalProcessorsPerPhysical="2"
	ProcessorClockFrequency="3066.06"
	>
	<Testing>
		<StartDateTime>Jun 20 18:38 IST</StartDateTime>
		<StartTestTime>1718888908</StartTestTime>
		<TestList/>
		<EndDateTime>Jun 20 18:38 IST</EndDateTime>
		<EndTestTime>1718888908</EndTestTime>
		<ElapsedMinutes>0</ElapsedMinutes>
	</Testing>
</Site>
